Using pre-set license
Built from '2020.3/staging' branch; Version is '2020.3.5f1 (8095aa901b9b) revision 8426922'; Using compiler version '192528614'; Build Type 'Release'
OS: 'Windows 10 Home; OS build 19041.928; Version 2004; 64bit' Language: 'en' Physical Memory: 8054 MB
BatchMode: 1, IsHumanControllingUs: 0, StartBugReporterOnCrash: 0, Is64bit: 1, IsPro: 0

 COMMAND LINE ARGUMENTS:
C:\Program Files\2020.3.5f1\Editor\Unity.exe
-adb2
-batchMode
-noUpm
-name
AssetImportWorker2
-projectPath
D:/Github/Ludum Dare April 2021
-logFile
Logs/AssetImportWorker2.log
-srvPort
59717
Successfully changed project path to: D:/Github/Ludum Dare April 2021
D:/Github/Ludum Dare April 2021
Using Asset Import Pipeline V2.
Refreshing native plugins compatible for Editor in 73.23 ms, found 0 plugins.
Preloading 0 native plugins for Editor in 0.00 ms.
Initialize engine version: 2020.3.5f1 (8095aa901b9b)
[Subsystems] Discovering subsystems at path C:/Program Files/2020.3.5f1/Editor/Data/Resources/UnitySubsystems
[Subsystems] Discovering subsystems at path D:/Github/Ludum Dare April 2021/Assets
GfxDevice: creating device client; threaded=0
Direct3D:
    Version:  Direct3D 11.0 [level 11.1]
    Renderer: NVIDIA GeForce GTX 1050 (ID=0x1c8d)
    Vendor:   
    VRAM:     4021 MB
    Driver:   27.21.14.5709
Shader 'Universal Render Pipeline/Particles/Lit': fallback shader 'Universal Render Pipeline/Particles/SimpleLit' not found
Initialize mono
Mono path[0] = 'C:/Program Files/2020.3.5f1/Editor/Data/Managed'
Mono path[1] = 'C:/Program Files/2020.3.5f1/Editor/Data/MonoBleedingEdge/lib/mono/unityjit'
Mono config path = 'C:/Program Files/2020.3.5f1/Editor/Data/MonoBleedingEdge/etc'
Using monoOptions --debugger-agent=transport=dt_socket,embedding=1,server=y,suspend=n,address=127.0.0.1:56960
Begin MonoManager ReloadAssembly
Registering precompiled unity dll's ...
Register platform support module: C:/Program Files/2020.3.5f1/Editor/Data/PlaybackEngines/WebGLSupport/UnityEditor.WebGL.Extensions.dll
Register platform support module: C:/Program Files/2020.3.5f1/Editor/Data/PlaybackEngines/WindowsStandaloneSupport/UnityEditor.WindowsStandalone.Extensions.dll
Registered in 0.003029 seconds.
Native extension for WindowsStandalone target not found
Native extension for WebGL target not found
Refreshing native plugins compatible for Editor in 69.33 ms, found 0 plugins.
Preloading 0 native plugins for Editor in 0.00 ms.
Mono: successfully reloaded assembly
- Completed reload, in  1.699 seconds
Platform modules already initialized, skipping
Registering precompiled user dll's ...
Registered in 0.003089 seconds.
Begin MonoManager ReloadAssembly
Native extension for WindowsStandalone target not found
Native extension for WebGL target not found
Refreshing native plugins compatible for Editor in 71.77 ms, found 0 plugins.
Preloading 0 native plugins for Editor in 0.00 ms.
Mono: successfully reloaded assembly
- Completed reload, in  1.457 seconds
Platform modules already initialized, skipping
========================================================================
Worker process is ready to serve import requests
Shader 'Universal Render Pipeline/Particles/Lit': fallback shader 'Universal Render Pipeline/Particles/SimpleLit' not found
Launched and connected shader compiler UnityShaderCompiler.exe after 0.17 seconds
Refreshing native plugins compatible for Editor in 0.73 ms, found 0 plugins.
Preloading 0 native plugins for Editor in 0.00 ms.
Unloading 3323 Unused Serialized files (Serialized files now loaded: 0)
System memory in use before: 160.6 MB.
System memory in use after: 160.8 MB.

Unloading 10 unused Assets to reduce memory usage. Loaded Objects now: 3771.
Total: 3.910500 ms (FindLiveObjects: 0.825000 ms CreateObjectMapping: 0.422400 ms MarkObjects: 2.465700 ms  DeleteObjects: 0.196100 ms)

========================================================================
Received Import Request.
  path: Assets/Scenes/SampleScene.unity
  artifactKey: Guid(d1c3109bdb54ad54c8a2b2838528e640) Importer(815301076,1909f56bfc062723c751e8b465ee728b)
Start importing Assets/Scenes/SampleScene.unity using Guid(d1c3109bdb54ad54c8a2b2838528e640) Importer(815301076,1909f56bfc062723c751e8b465ee728b)  -> (artifact id: '7c2f67b83cf38c8562cb23c2ddc64828') in 0.062782 seconds
  Import took 0.068880 seconds .

========================================================================
Received Prepare
Registering precompiled user dll's ...
Registered in 0.002765 seconds.
Begin MonoManager ReloadAssembly
Native extension for WindowsStandalone target not found
Native extension for WebGL target not found
Refreshing native plugins compatible for Editor in 0.73 ms, found 0 plugins.
Preloading 0 native plugins for Editor in 0.00 ms.
Mono: successfully reloaded assembly
- Completed reload, in  1.275 seconds
Platform modules already initialized, skipping
Shader 'Universal Render Pipeline/Particles/Lit': fallback shader 'Universal Render Pipeline/Particles/SimpleLit' not found
Refreshing native plugins compatible for Editor in 0.81 ms, found 0 plugins.
Preloading 0 native plugins for Editor in 0.00 ms.
Unloading 3175 Unused Serialized files (Serialized files now loaded: 0)
System memory in use before: 149.8 MB.
System memory in use after: 150.0 MB.

Unloading 5 unused Assets to reduce memory usage. Loaded Objects now: 3774.
Total: 3.286800 ms (FindLiveObjects: 0.454500 ms CreateObjectMapping: 0.285400 ms MarkObjects: 2.504400 ms  DeleteObjects: 0.040000 ms)

========================================================================
Received Prepare
Shader 'Universal Render Pipeline/Particles/Lit': fallback shader 'Universal Render Pipeline/Particles/SimpleLit' not found
Refreshing native plugins compatible for Editor in 1.49 ms, found 0 plugins.
Preloading 0 native plugins for Editor in 0.00 ms.
Unloading 4 Unused Serialized files (Serialized files now loaded: 0)
System memory in use before: 87.2 MB.
System memory in use after: 87.5 MB.

Unloading 3 unused Assets to reduce memory usage. Loaded Objects now: 3774.
Total: 4.868900 ms (FindLiveObjects: 1.440300 ms CreateObjectMapping: 0.299500 ms MarkObjects: 3.101600 ms  DeleteObjects: 0.023800 ms)

========================================================================
Received Import Request.
  Time since last request: 354.728778 seconds.
  path: Assets/Scenes/StartMenu.unity
  artifactKey: Guid(defa17c764d4ea2488467557b0fa957e) Importer(815301076,1909f56bfc062723c751e8b465ee728b)
Start importing Assets/Scenes/StartMenu.unity using Guid(defa17c764d4ea2488467557b0fa957e) Importer(815301076,1909f56bfc062723c751e8b465ee728b)  -> (artifact id: '2fb88ae5cb3d6811d013304d470822e9') in 0.032757 seconds
  Import took 0.090266 seconds .

========================================================================
Received Prepare
Registering precompiled user dll's ...
Registered in 0.001934 seconds.
Begin MonoManager ReloadAssembly
Native extension for WindowsStandalone target not found
Native extension for WebGL target not found
Refreshing native plugins compatible for Editor in 0.88 ms, found 0 plugins.
Preloading 0 native plugins for Editor in 0.00 ms.
Mono: successfully reloaded assembly
- Completed reload, in  1.239 seconds
Platform modules already initialized, skipping
Shader 'Universal Render Pipeline/Particles/Lit': fallback shader 'Universal Render Pipeline/Particles/SimpleLit' not found
Refreshing native plugins compatible for Editor in 0.64 ms, found 0 plugins.
Preloading 0 native plugins for Editor in 0.00 ms.
Unloading 3175 Unused Serialized files (Serialized files now loaded: 0)
System memory in use before: 149.8 MB.
System memory in use after: 150.1 MB.

Unloading 5 unused Assets to reduce memory usage. Loaded Objects now: 3777.
Total: 2.945400 ms (FindLiveObjects: 0.380600 ms CreateObjectMapping: 0.220100 ms MarkObjects: 2.305000 ms  DeleteObjects: 0.038400 ms)

========================================================================
Received Prepare
Shader 'Universal Render Pipeline/Particles/Lit': fallback shader 'Universal Render Pipeline/Particles/SimpleLit' not found
Refreshing native plugins compatible for Editor in 1.56 ms, found 0 plugins.
Preloading 0 native plugins for Editor in 0.00 ms.
Unloading 4 Unused Serialized files (Serialized files now loaded: 0)
System memory in use before: 87.3 MB.
System memory in use after: 87.5 MB.

Unloading 3 unused Assets to reduce memory usage. Loaded Objects now: 3777.
Total: 3.438100 ms (FindLiveObjects: 0.422100 ms CreateObjectMapping: 0.234600 ms MarkObjects: 2.749100 ms  DeleteObjects: 0.030300 ms)

========================================================================
Received Prepare
Registering precompiled user dll's ...
Registered in 0.010699 seconds.
Begin MonoManager ReloadAssembly
Native extension for WindowsStandalone target not found
Native extension for WebGL target not found
Refreshing native plugins compatible for Editor in 1.89 ms, found 0 plugins.
Preloading 0 native plugins for Editor in 0.00 ms.
Mono: successfully reloaded assembly
- Completed reload, in  4.609 seconds
Platform modules already initialized, skipping
Shader 'Universal Render Pipeline/Particles/Lit': fallback shader 'Universal Render Pipeline/Particles/SimpleLit' not found
Refreshing native plugins compatible for Editor in 1.67 ms, found 0 plugins.
Preloading 0 native plugins for Editor in 0.00 ms.
Unloading 3175 Unused Serialized files (Serialized files now loaded: 0)
System memory in use before: 149.9 MB.
System memory in use after: 150.1 MB.

Unloading 5 unused Assets to reduce memory usage. Loaded Objects now: 3780.
Total: 7.448600 ms (FindLiveObjects: 1.416500 ms CreateObjectMapping: 0.592000 ms MarkObjects: 5.406600 ms  DeleteObjects: 0.029200 ms)

========================================================================
Received Import Request.
  Time since last request: 554.575703 seconds.
  path: Assets/Scenes/SampleScene.unity
  artifactKey: Guid(d1c3109bdb54ad54c8a2b2838528e640) Importer(815301076,1909f56bfc062723c751e8b465ee728b)
Start importing Assets/Scenes/SampleScene.unity using Guid(d1c3109bdb54ad54c8a2b2838528e640) Importer(815301076,1909f56bfc062723c751e8b465ee728b)  -> (artifact id: '53b3ac18b03dbe74cc14ac54a3ef2ed4') in 0.034245 seconds
  Import took 0.044473 seconds .

========================================================================
Received Import Request.
  Time since last request: 0.008900 seconds.
  path: Assets/Scenes/SampleScene.unity
  artifactKey: Guid(d1c3109bdb54ad54c8a2b2838528e640) Importer(815301076,1909f56bfc062723c751e8b465ee728b)
Start importing Assets/Scenes/SampleScene.unity using Guid(d1c3109bdb54ad54c8a2b2838528e640) Importer(815301076,1909f56bfc062723c751e8b465ee728b)  -> (artifact id: '53b3ac18b03dbe74cc14ac54a3ef2ed4') in 0.008588 seconds
  Import took 0.016571 seconds .

========================================================================
Received Prepare
Registering precompiled user dll's ...
Registered in 0.007283 seconds.
Begin MonoManager ReloadAssembly
Native extension for WindowsStandalone target not found
Native extension for WebGL target not found
Refreshing native plugins compatible for Editor in 5.26 ms, found 0 plugins.
Preloading 0 native plugins for Editor in 0.00 ms.
Mono: successfully reloaded assembly
- Completed reload, in  3.404 seconds
Platform modules already initialized, skipping
Shader 'Universal Render Pipeline/Particles/Lit': fallback shader 'Universal Render Pipeline/Particles/SimpleLit' not found
Refreshing native plugins compatible for Editor in 1.39 ms, found 0 plugins.
Preloading 0 native plugins for Editor in 0.00 ms.
Unloading 3175 Unused Serialized files (Serialized files now loaded: 0)
System memory in use before: 149.9 MB.
System memory in use after: 150.1 MB.

Unloading 5 unused Assets to reduce memory usage. Loaded Objects now: 3783.
Total: 11.266200 ms (FindLiveObjects: 2.180600 ms CreateObjectMapping: 1.078100 ms MarkObjects: 7.973600 ms  DeleteObjects: 0.030200 ms)

========================================================================
Received Import Request.
  Time since last request: 202.321572 seconds.
  path: Assets/Prefabs/Enemies
  artifactKey: Guid(933cb9d4800133049bcec8ac39dbd11e) Importer(815301076,1909f56bfc062723c751e8b465ee728b)
Start importing Assets/Prefabs/Enemies using Guid(933cb9d4800133049bcec8ac39dbd11e) Importer(815301076,1909f56bfc062723c751e8b465ee728b)  -> (artifact id: '1f4d366608f0ff9134182eac0c2f0fc4') in 0.064705 seconds
  Import took 0.089223 seconds .

========================================================================
Received Import Request.
  Time since last request: 0.821919 seconds.
  path: Assets/Prefabs/Enemies/Worm.prefab
  artifactKey: Guid(eae3e02bd341b24419a417de1e79b31b) Importer(815301076,1909f56bfc062723c751e8b465ee728b)
Start importing Assets/Prefabs/Enemies/Worm.prefab using Guid(eae3e02bd341b24419a417de1e79b31b) Importer(815301076,1909f56bfc062723c751e8b465ee728b)  -> (artifact id: '947504ccda10c7e994489f661b035147') in 0.447961 seconds
  Import took 0.486193 seconds .

========================================================================
Received Import Request.
  Time since last request: 8.199534 seconds.
  path: Assets/Prefabs/Enemies/Worm.prefab
  artifactKey: Guid(eae3e02bd341b24419a417de1e79b31b) Importer(815301076,1909f56bfc062723c751e8b465ee728b)
Start importing Assets/Prefabs/Enemies/Worm.prefab using Guid(eae3e02bd341b24419a417de1e79b31b) Importer(815301076,1909f56bfc062723c751e8b465ee728b)  -> (artifact id: '1f2f40fcba110af66531ebd06af94d02') in 0.021598 seconds
  Import took 0.031519 seconds .

========================================================================
Received Import Request.
  Time since last request: 1.538698 seconds.
  path: Assets/Prefabs/Enemies/Worm.prefab
  artifactKey: Guid(eae3e02bd341b24419a417de1e79b31b) Importer(815301076,1909f56bfc062723c751e8b465ee728b)
Start importing Assets/Prefabs/Enemies/Worm.prefab using Guid(eae3e02bd341b24419a417de1e79b31b) Importer(815301076,1909f56bfc062723c751e8b465ee728b)  -> (artifact id: 'eb4e7dd52f34870c70c4e692603ec9e4') in 0.019143 seconds
  Import took 0.028277 seconds .

========================================================================
Received Import Request.
  Time since last request: 5.949387 seconds.
  path: Assets/Prefabs/Enemies/Worm.prefab
  artifactKey: Guid(eae3e02bd341b24419a417de1e79b31b) Importer(815301076,1909f56bfc062723c751e8b465ee728b)
Start importing Assets/Prefabs/Enemies/Worm.prefab using Guid(eae3e02bd341b24419a417de1e79b31b) Importer(815301076,1909f56bfc062723c751e8b465ee728b)  -> (artifact id: '89cd68d351df05e313c25bbd3c640c23') in 0.019569 seconds
  Import took 0.030868 seconds .

========================================================================
Received Prepare
Registering precompiled user dll's ...
Registered in 0.002418 seconds.
Begin MonoManager ReloadAssembly
Native extension for WindowsStandalone target not found
Native extension for WebGL target not found
Refreshing native plugins compatible for Editor in 0.65 ms, found 0 plugins.
Preloading 0 native plugins for Editor in 0.00 ms.
Mono: successfully reloaded assembly
- Completed reload, in  1.359 seconds
Platform modules already initialized, skipping
Shader 'Universal Render Pipeline/Particles/Lit': fallback shader 'Universal Render Pipeline/Particles/SimpleLit' not found
Refreshing native plugins compatible for Editor in 0.63 ms, found 0 plugins.
Preloading 0 native plugins for Editor in 0.00 ms.
Unloading 3175 Unused Serialized files (Serialized files now loaded: 0)
System memory in use before: 168.7 MB.
System memory in use after: 168.9 MB.

Unloading 5 unused Assets to reduce memory usage. Loaded Objects now: 3833.
Total: 2.949300 ms (FindLiveObjects: 0.340800 ms CreateObjectMapping: 0.166300 ms MarkObjects: 2.420600 ms  DeleteObjects: 0.020400 ms)

========================================================================
Received Import Request.
  Time since last request: 54.465479 seconds.
  path: Assets/Prefabs/Enemies/Worm.prefab
  artifactKey: Guid(eae3e02bd341b24419a417de1e79b31b) Importer(815301076,1909f56bfc062723c751e8b465ee728b)
Start importing Assets/Prefabs/Enemies/Worm.prefab using Guid(eae3e02bd341b24419a417de1e79b31b) Importer(815301076,1909f56bfc062723c751e8b465ee728b)  -> (artifact id: 'f6479088f11cf65cfa2adef5ab4e709a') in 0.193163 seconds
  Import took 0.200063 seconds .

========================================================================
Received Prepare
Registering precompiled user dll's ...
Registered in 0.002205 seconds.
Begin MonoManager ReloadAssembly
Native extension for WindowsStandalone target not found
Native extension for WebGL target not found
Refreshing native plugins compatible for Editor in 0.77 ms, found 0 plugins.
Preloading 0 native plugins for Editor in 0.00 ms.
Mono: successfully reloaded assembly
- Completed reload, in  1.174 seconds
Platform modules already initialized, skipping
Shader 'Universal Render Pipeline/Particles/Lit': fallback shader 'Universal Render Pipeline/Particles/SimpleLit' not found
Refreshing native plugins compatible for Editor in 0.67 ms, found 0 plugins.
Preloading 0 native plugins for Editor in 0.00 ms.
Unloading 3175 Unused Serialized files (Serialized files now loaded: 0)
System memory in use before: 168.8 MB.
System memory in use after: 169.0 MB.

Unloading 5 unused Assets to reduce memory usage. Loaded Objects now: 3872.
Total: 3.421100 ms (FindLiveObjects: 0.441400 ms CreateObjectMapping: 0.207400 ms MarkObjects: 2.734400 ms  DeleteObjects: 0.036000 ms)

========================================================================
Received Import Request.
  Time since last request: 105.098200 seconds.
  path: Assets/Prefabs/Enemies/Worm.prefab
  artifactKey: Guid(eae3e02bd341b24419a417de1e79b31b) Importer(815301076,1909f56bfc062723c751e8b465ee728b)
Start importing Assets/Prefabs/Enemies/Worm.prefab using Guid(eae3e02bd341b24419a417de1e79b31b) Importer(815301076,1909f56bfc062723c751e8b465ee728b)  -> (artifact id: 'c03dde35e72393ab18c78a20d20a773f') in 0.267948 seconds
  Import took 0.288980 seconds .

========================================================================
Received Prepare
Registering precompiled user dll's ...
Registered in 0.013490 seconds.
Begin MonoManager ReloadAssembly
Native extension for WindowsStandalone target not found
Native extension for WebGL target not found
Refreshing native plugins compatible for Editor in 0.64 ms, found 0 plugins.
Preloading 0 native plugins for Editor in 0.00 ms.
Mono: successfully reloaded assembly
- Completed reload, in  1.372 seconds
Platform modules already initialized, skipping
Shader 'Universal Render Pipeline/Particles/Lit': fallback shader 'Universal Render Pipeline/Particles/SimpleLit' not found
Refreshing native plugins compatible for Editor in 0.66 ms, found 0 plugins.
Preloading 0 native plugins for Editor in 0.00 ms.
Unloading 3175 Unused Serialized files (Serialized files now loaded: 0)
System memory in use before: 168.9 MB.
System memory in use after: 169.2 MB.

Unloading 5 unused Assets to reduce memory usage. Loaded Objects now: 3911.
Total: 4.002200 ms (FindLiveObjects: 0.520900 ms CreateObjectMapping: 0.221300 ms MarkObjects: 3.205300 ms  DeleteObjects: 0.053000 ms)

========================================================================
Received Import Request.
  Time since last request: 161.808769 seconds.
  path: Assets/Scripts/PlayerController.cs
  artifactKey: Guid(d195417573dbdff42bcb3879dabd0933) Importer(815301076,1909f56bfc062723c751e8b465ee728b)
Start importing Assets/Scripts/PlayerController.cs using Guid(d195417573dbdff42bcb3879dabd0933) Importer(815301076,1909f56bfc062723c751e8b465ee728b)  -> (artifact id: '4459143a1aa30633c7ddcc1d6f5fa53c') in 0.077325 seconds
  Import took 0.085153 seconds .

========================================================================
Received Prepare
Registering precompiled user dll's ...
Registered in 0.002153 seconds.
Begin MonoManager ReloadAssembly
Native extension for WindowsStandalone target not found
Native extension for WebGL target not found
Refreshing native plugins compatible for Editor in 1.07 ms, found 0 plugins.
Preloading 0 native plugins for Editor in 0.00 ms.
Mono: successfully reloaded assembly
- Completed reload, in  1.949 seconds
Platform modules already initialized, skipping
Shader 'Universal Render Pipeline/Particles/Lit': fallback shader 'Universal Render Pipeline/Particles/SimpleLit' not found
Refreshing native plugins compatible for Editor in 0.74 ms, found 0 plugins.
Preloading 0 native plugins for Editor in 0.00 ms.
Unloading 3175 Unused Serialized files (Serialized files now loaded: 0)
System memory in use before: 169.0 MB.
System memory in use after: 169.2 MB.

Unloading 5 unused Assets to reduce memory usage. Loaded Objects now: 3914.
Total: 4.471800 ms (FindLiveObjects: 0.812300 ms CreateObjectMapping: 0.399000 ms MarkObjects: 3.228200 ms  DeleteObjects: 0.029900 ms)

========================================================================
Received Prepare
Registering precompiled user dll's ...
Registered in 0.002107 seconds.
Begin MonoManager ReloadAssembly
Native extension for WindowsStandalone target not found
Native extension for WebGL target not found
Refreshing native plugins compatible for Editor in 0.64 ms, found 0 plugins.
Preloading 0 native plugins for Editor in 0.00 ms.
Mono: successfully reloaded assembly
- Completed reload, in  1.227 seconds
Platform modules already initialized, skipping
Shader 'Universal Render Pipeline/Particles/Lit': fallback shader 'Universal Render Pipeline/Particles/SimpleLit' not found
Refreshing native plugins compatible for Editor in 0.64 ms, found 0 plugins.
Preloading 0 native plugins for Editor in 0.00 ms.
Unloading 3175 Unused Serialized files (Serialized files now loaded: 0)
System memory in use before: 169.0 MB.
System memory in use after: 169.2 MB.

Unloading 5 unused Assets to reduce memory usage. Loaded Objects now: 3917.
Total: 6.954800 ms (FindLiveObjects: 4.097500 ms CreateObjectMapping: 0.349600 ms MarkObjects: 2.467500 ms  DeleteObjects: 0.037100 ms)

========================================================================
Received Prepare
Registering precompiled user dll's ...
Registered in 0.002418 seconds.
Begin MonoManager ReloadAssembly
Native extension for WindowsStandalone target not found
Native extension for WebGL target not found
Refreshing native plugins compatible for Editor in 0.68 ms, found 0 plugins.
Preloading 0 native plugins for Editor in 0.00 ms.
Mono: successfully reloaded assembly
- Completed reload, in  1.353 seconds
Platform modules already initialized, skipping
Shader 'Universal Render Pipeline/Particles/Lit': fallback shader 'Universal Render Pipeline/Particles/SimpleLit' not found
Refreshing native plugins compatible for Editor in 0.76 ms, found 0 plugins.
Preloading 0 native plugins for Editor in 0.00 ms.
Unloading 3175 Unused Serialized files (Serialized files now loaded: 0)
System memory in use before: 169.0 MB.
System memory in use after: 169.2 MB.

Unloading 5 unused Assets to reduce memory usage. Loaded Objects now: 3920.
Total: 3.343600 ms (FindLiveObjects: 0.452100 ms CreateObjectMapping: 0.251600 ms MarkObjects: 2.612500 ms  DeleteObjects: 0.026200 ms)

========================================================================
Received Import Request.
  Time since last request: 319.336924 seconds.
  path: Assets/Prefabs/Player.prefab
  artifactKey: Guid(c9a00b447eeecd24487d7d9f6b1c8bd7) Importer(815301076,1909f56bfc062723c751e8b465ee728b)
Start importing Assets/Prefabs/Player.prefab using Guid(c9a00b447eeecd24487d7d9f6b1c8bd7) Importer(815301076,1909f56bfc062723c751e8b465ee728b)  -> (artifact id: '53d4d811b0ae4c60235891906e6086ba') in 0.440230 seconds
  Import took 0.447681 seconds .

========================================================================
Received Prepare
Registering precompiled user dll's ...
Registered in 0.002177 seconds.
Begin MonoManager ReloadAssembly
Native extension for WindowsStandalone target not found
Native extension for WebGL target not found
Refreshing native plugins compatible for Editor in 0.65 ms, found 0 plugins.
Preloading 0 native plugins for Editor in 0.00 ms.
Mono: successfully reloaded assembly
- Completed reload, in  1.372 seconds
Platform modules already initialized, skipping
Shader 'Universal Render Pipeline/Particles/Lit': fallback shader 'Universal Render Pipeline/Particles/SimpleLit' not found
Refreshing native plugins compatible for Editor in 0.75 ms, found 0 plugins.
Preloading 0 native plugins for Editor in 0.00 ms.
Unloading 3175 Unused Serialized files (Serialized files now loaded: 0)
System memory in use before: 169.1 MB.
System memory in use after: 169.4 MB.

Unloading 5 unused Assets to reduce memory usage. Loaded Objects now: 3960.
Total: 3.502300 ms (FindLiveObjects: 0.516200 ms CreateObjectMapping: 0.242100 ms MarkObjects: 2.716200 ms  DeleteObjects: 0.025500 ms)

========================================================================
Received Prepare
Registering precompiled user dll's ...
Registered in 0.002150 seconds.
Begin MonoManager ReloadAssembly
Native extension for WindowsStandalone target not found
Native extension for WebGL target not found
Refreshing native plugins compatible for Editor in 0.59 ms, found 0 plugins.
Preloading 0 native plugins for Editor in 0.00 ms.
Mono: successfully reloaded assembly
- Completed reload, in  1.342 seconds
Platform modules already initialized, skipping
Shader 'Universal Render Pipeline/Particles/Lit': fallback shader 'Universal Render Pipeline/Particles/SimpleLit' not found
Refreshing native plugins compatible for Editor in 0.65 ms, found 0 plugins.
Preloading 0 native plugins for Editor in 0.00 ms.
Unloading 3175 Unused Serialized files (Serialized files now loaded: 0)
System memory in use before: 169.1 MB.
System memory in use after: 169.4 MB.

Unloading 5 unused Assets to reduce memory usage. Loaded Objects now: 3963.
Total: 3.202300 ms (FindLiveObjects: 0.553500 ms CreateObjectMapping: 0.217800 ms MarkObjects: 2.410400 ms  DeleteObjects: 0.019300 ms)

========================================================================
Received Prepare
Registering precompiled user dll's ...
Registered in 0.002057 seconds.
Begin MonoManager ReloadAssembly
Native extension for WindowsStandalone target not found
Native extension for WebGL target not found
Refreshing native plugins compatible for Editor in 0.58 ms, found 0 plugins.
Preloading 0 native plugins for Editor in 0.00 ms.
Mono: successfully reloaded assembly
- Completed reload, in  1.534 seconds
Platform modules already initialized, skipping
Shader 'Universal Render Pipeline/Particles/Lit': fallback shader 'Universal Render Pipeline/Particles/SimpleLit' not found
Refreshing native plugins compatible for Editor in 0.99 ms, found 0 plugins.
Preloading 0 native plugins for Editor in 0.00 ms.
Unloading 3175 Unused Serialized files (Serialized files now loaded: 0)
System memory in use before: 169.2 MB.
System memory in use after: 169.4 MB.

Unloading 5 unused Assets to reduce memory usage. Loaded Objects now: 3966.
Total: 3.883800 ms (FindLiveObjects: 0.653500 ms CreateObjectMapping: 0.272700 ms MarkObjects: 2.934400 ms  DeleteObjects: 0.021800 ms)

========================================================================
Received Prepare
Shader 'Universal Render Pipeline/Particles/Lit': fallback shader 'Universal Render Pipeline/Particles/SimpleLit' not found
Refreshing native plugins compatible for Editor in 1.49 ms, found 0 plugins.
Preloading 0 native plugins for Editor in 0.00 ms.
Unloading 4 Unused Serialized files (Serialized files now loaded: 0)
System memory in use before: 106.6 MB.
System memory in use after: 106.9 MB.

Unloading 3 unused Assets to reduce memory usage. Loaded Objects now: 3966.
Total: 4.482600 ms (FindLiveObjects: 0.541600 ms CreateObjectMapping: 0.216200 ms MarkObjects: 3.685600 ms  DeleteObjects: 0.037900 ms)

========================================================================
Received Prepare
Registering precompiled user dll's ...
Registered in 0.014734 seconds.
Begin MonoManager ReloadAssembly
Native extension for WindowsStandalone target not found
Native extension for WebGL target not found
Refreshing native plugins compatible for Editor in 3.68 ms, found 0 plugins.
Preloading 0 native plugins for Editor in 0.00 ms.
Mono: successfully reloaded assembly
- Completed reload, in  5.821 seconds
Platform modules already initialized, skipping
Shader 'Universal Render Pipeline/Particles/Lit': fallback shader 'Universal Render Pipeline/Particles/SimpleLit' not found
Refreshing native plugins compatible for Editor in 0.63 ms, found 0 plugins.
Preloading 0 native plugins for Editor in 0.00 ms.
Unloading 3175 Unused Serialized files (Serialized files now loaded: 0)
System memory in use before: 169.2 MB.
System memory in use after: 169.4 MB.

Unloading 5 unused Assets to reduce memory usage. Loaded Objects now: 3969.
Total: 4.552000 ms (FindLiveObjects: 0.751500 ms CreateObjectMapping: 0.268700 ms MarkObjects: 3.443400 ms  DeleteObjects: 0.082200 ms)

========================================================================
Received Import Request.
  Time since last request: 1242.121918 seconds.
  path: Assets/Scripts/AbyssManager.cs
  artifactKey: Guid(10d9344191cd93b4293ffc5a2a914452) Importer(815301076,1909f56bfc062723c751e8b465ee728b)
Start importing Assets/Scripts/AbyssManager.cs using Guid(10d9344191cd93b4293ffc5a2a914452) Importer(815301076,1909f56bfc062723c751e8b465ee728b)  -> (artifact id: '85b307dd2dad62346a035d64f05d4ab3') in 0.084621 seconds
  Import took 0.111340 seconds .

========================================================================
Received Prepare
Registering precompiled user dll's ...
Registered in 0.002339 seconds.
Begin MonoManager ReloadAssembly
Native extension for WindowsStandalone target not found
Native extension for WebGL target not found
Refreshing native plugins compatible for Editor in 0.58 ms, found 0 plugins.
Preloading 0 native plugins for Editor in 0.00 ms.
Mono: successfully reloaded assembly
- Completed reload, in  1.249 seconds
Platform modules already initialized, skipping
Shader 'Universal Render Pipeline/Particles/Lit': fallback shader 'Universal Render Pipeline/Particles/SimpleLit' not found
Refreshing native plugins compatible for Editor in 0.72 ms, found 0 plugins.
Preloading 0 native plugins for Editor in 0.00 ms.
Unloading 3175 Unused Serialized files (Serialized files now loaded: 0)
System memory in use before: 169.2 MB.
System memory in use after: 169.4 MB.

Unloading 5 unused Assets to reduce memory usage. Loaded Objects now: 3972.
Total: 3.722100 ms (FindLiveObjects: 0.489700 ms CreateObjectMapping: 0.199300 ms MarkObjects: 2.997300 ms  DeleteObjects: 0.033900 ms)

========================================================================
Received Import Request.
  Time since last request: 272.080738 seconds.
  path: Assets/Scripts/AbyssManager.cs
  artifactKey: Guid(10d9344191cd93b4293ffc5a2a914452) Importer(815301076,1909f56bfc062723c751e8b465ee728b)
Start importing Assets/Scripts/AbyssManager.cs using Guid(10d9344191cd93b4293ffc5a2a914452) Importer(815301076,1909f56bfc062723c751e8b465ee728b)  -> (artifact id: '6b43446c21710181f2f412b6eacb1038') in 0.014204 seconds
  Import took 0.020387 seconds .

========================================================================
Received Prepare
Registering precompiled user dll's ...
Registered in 0.002149 seconds.
Begin MonoManager ReloadAssembly
Native extension for WindowsStandalone target not found
Native extension for WebGL target not found
Refreshing native plugins compatible for Editor in 0.67 ms, found 0 plugins.
Preloading 0 native plugins for Editor in 0.00 ms.
Mono: successfully reloaded assembly
- Completed reload, in  1.341 seconds
Platform modules already initialized, skipping
Shader 'Universal Render Pipeline/Particles/Lit': fallback shader 'Universal Render Pipeline/Particles/SimpleLit' not found
Refreshing native plugins compatible for Editor in 0.65 ms, found 0 plugins.
Preloading 0 native plugins for Editor in 0.00 ms.
Unloading 3175 Unused Serialized files (Serialized files now loaded: 0)
System memory in use before: 169.2 MB.
System memory in use after: 169.4 MB.

Unloading 5 unused Assets to reduce memory usage. Loaded Objects now: 3975.
Total: 3.665100 ms (FindLiveObjects: 0.530000 ms CreateObjectMapping: 0.235300 ms MarkObjects: 2.865100 ms  DeleteObjects: 0.033000 ms)

========================================================================
Received Import Request.
  Time since last request: 75.917312 seconds.
  path: Assets/Prefabs/Enemies/Worm.prefab
  artifactKey: Guid(eae3e02bd341b24419a417de1e79b31b) Importer(815301076,1909f56bfc062723c751e8b465ee728b)
Start importing Assets/Prefabs/Enemies/Worm.prefab using Guid(eae3e02bd341b24419a417de1e79b31b) Importer(815301076,1909f56bfc062723c751e8b465ee728b)  -> (artifact id: '4b75e751b95af2b34208afd191a90ea3') in 0.342832 seconds
  Import took 0.350111 seconds .

========================================================================
Received Import Request.
  Time since last request: 1.106844 seconds.
  path: Assets/Prefabs/Enemies/Worm.prefab
  artifactKey: Guid(eae3e02bd341b24419a417de1e79b31b) Importer(815301076,1909f56bfc062723c751e8b465ee728b)
Start importing Assets/Prefabs/Enemies/Worm.prefab using Guid(eae3e02bd341b24419a417de1e79b31b) Importer(815301076,1909f56bfc062723c751e8b465ee728b)  -> (artifact id: '4b75e751b95af2b34208afd191a90ea3') in 0.020799 seconds
  Import took 0.028096 seconds .

========================================================================
Received Prepare
Registering precompiled user dll's ...
Registered in 0.002298 seconds.
Begin MonoManager ReloadAssembly
Native extension for WindowsStandalone target not found
Native extension for WebGL target not found
Refreshing native plugins compatible for Editor in 2.67 ms, found 0 plugins.
Preloading 0 native plugins for Editor in 0.00 ms.
Mono: successfully reloaded assembly
- Completed reload, in  1.565 seconds
Platform modules already initialized, skipping
Shader 'Universal Render Pipeline/Particles/Lit': fallback shader 'Universal Render Pipeline/Particles/SimpleLit' not found
Refreshing native plugins compatible for Editor in 1.53 ms, found 0 plugins.
Preloading 0 native plugins for Editor in 0.00 ms.
Unloading 3175 Unused Serialized files (Serialized files now loaded: 0)
System memory in use before: 169.3 MB.
System memory in use after: 169.5 MB.

Unloading 5 unused Assets to reduce memory usage. Loaded Objects now: 4014.
Total: 5.435200 ms (FindLiveObjects: 0.909600 ms CreateObjectMapping: 0.399700 ms MarkObjects: 4.098000 ms  DeleteObjects: 0.025400 ms)

========================================================================
Received Prepare
Shader 'Universal Render Pipeline/Particles/Lit': fallback shader 'Universal Render Pipeline/Particles/SimpleLit' not found
Refreshing native plugins compatible for Editor in 2.46 ms, found 0 plugins.
Preloading 0 native plugins for Editor in 0.00 ms.
Unloading 4 Unused Serialized files (Serialized files now loaded: 0)
System memory in use before: 106.8 MB.
System memory in use after: 107.0 MB.

Unloading 3 unused Assets to reduce memory usage. Loaded Objects now: 4014.
Total: 3.934800 ms (FindLiveObjects: 0.434300 ms CreateObjectMapping: 0.211800 ms MarkObjects: 3.241700 ms  DeleteObjects: 0.044900 ms)

